SF:lib/data/model/pokemon.dart
DA:26,12
DA:35,6
DA:44,0
DA:46,0
DA:47,0
DA:49,5
DA:51,1
DA:52,6
DA:55,1
DA:56,4
DA:57,5
DA:60,1
DA:61,2
DA:62,8
DA:63,2
DA:66,1
DA:67,1
DA:68,1
DA:69,1
DA:70,1
DA:71,1
DA:72,1
DA:73,1
DA:74,3
DA:75,1
DA:76,1
DA:77,1
DA:78,0
DA:79,0
DA:80,0
DA:81,1
DA:85,3
DA:87,3
DA:88,3
DA:89,3
DA:90,3
DA:91,3
DA:92,3
DA:93,3
DA:97,1
DA:105,1
DA:106,0
DA:107,1
DA:108,1
DA:109,1
DA:110,1
DA:111,1
DA:124,1
DA:126,1
DA:127,1
DA:128,1
DA:130,0
DA:131,0
DA:144,2
DA:150,1
DA:151,1
DA:152,2
DA:153,1
DA:154,1
DA:158,0
DA:159,0
DA:169,1
DA:174,0
DA:175,0
DA:176,0
DA:177,0
DA:181,0
DA:182,0
LF:68
LH:51
end_of_record
SF:lib/data/pokemon_remote_datasource.dart
DA:15,1
DA:18,1
DA:19,1
DA:20,3
DA:21,2
DA:22,1
DA:25,2
DA:26,3
DA:27,2
DA:28,1
DA:31,1
DA:36,1
DA:37,4
DA:38,1
LF:14
LH:14
end_of_record
SF:lib/repository/pokemon_repository.dart
DA:8,1
DA:10,1
DA:11,2
DA:12,3
DA:17,3
DA:18,3
LF:6
LH:6
end_of_record
SF:lib/core/manager/http_manager.dart
DA:4,10
DA:10,1
DA:14,3
DA:15,3
DA:18,1
DA:19,2
DA:21,1
DA:29,1
DA:30,3
DA:33,0
DA:35,2
DA:36,1
DA:38,2
DA:39,1
DA:41,1
DA:44,1
DA:45,2
DA:46,0
DA:47,1
DA:49,0
DA:50,0
DA:52,0
DA:53,0
DA:54,0
DA:57,0
DA:62,1
DA:63,1
DA:64,1
DA:65,3
DA:66,0
DA:68,1
LF:31
LH:22
end_of_record
SF:lib/core/utils/either.dart
DA:10,6
DA:14,14
DA:15,10
DA:17,2
DA:18,1
DA:20,2
DA:21,1
DA:26,6
DA:28,5
DA:30,10
DA:32,0
DA:33,0
DA:38,6
DA:40,5
DA:42,10
DA:44,0
DA:45,0
DA:49,3
DA:53,6
DA:54,3
DA:58,3
DA:59,0
DA:61,3
DA:62,0
DA:64,3
DA:65,0
DA:67,3
DA:68,0
DA:70,6
DA:75,2
DA:79,6
DA:80,4
DA:83,4
DA:85,2
DA:86,0
DA:88,2
DA:89,0
DA:91,2
DA:92,0
DA:94,2
DA:95,0
DA:97,6
LF:42
LH:30
end_of_record
SF:lib/core/utils/safe_print.dart
DA:3,2
DA:4,2
LF:2
LH:2
end_of_record
SF:lib/core/utils/extension/string.dart
DA:2,5
DA:4,6
DA:6,2
DA:8,2
DA:10,1
LF:5
LH:5
end_of_record
SF:lib/data/pokemon_local_datasource.dart
DA:15,3
DA:18,1
DA:20,4
DA:21,2
DA:22,0
DA:25,2
DA:30,1
DA:32,4
DA:34,2
DA:39,1
DA:41,3
DA:43,2
LF:12
LH:11
end_of_record
SF:lib/repository/favourite_pokemon_repository.dart
DA:8,1
DA:10,1
DA:11,5
DA:14,1
DA:15,2
DA:16,3
DA:20,3
DA:21,3
LF:8
LH:8
end_of_record
SF:lib/core/utils/extension/num.dart
DA:3,1
DA:9,1
DA:10,6
LF:3
LH:3
end_of_record
SF:lib/presentation/bloc/favourite_pokemom_cubit.dart
DA:9,1
DA:10,1
DA:12,1
DA:13,3
DA:15,4
DA:16,1
DA:17,2
DA:18,2
DA:20,1
DA:22,1
DA:23,3
DA:31,1
DA:32,3
DA:33,1
DA:34,1
DA:35,2
DA:37,2
DA:42,1
DA:43,3
DA:44,1
DA:45,1
DA:46,2
DA:48,2
DA:54,2
DA:62,0
DA:63,0
DA:64,0
DA:65,0
DA:73,3
DA:79,1
DA:85,1
DA:86,1
DA:87,0
DA:88,1
DA:92,1
DA:93,1
DA:94,1
DA:95,1
DA:96,1
LF:39
LH:34
end_of_record
SF:lib/presentation/bloc/pokemon_cubit.dart
DA:8,1
DA:9,2
DA:13,1
DA:14,3
DA:15,4
DA:16,1
DA:17,2
DA:18,2
DA:19,1
DA:23,1
DA:24,1
DA:25,2
DA:26,4
DA:34,1
DA:35,3
DA:36,5
DA:37,1
DA:41,1
DA:42,1
DA:43,2
DA:45,1
DA:48,3
DA:49,1
DA:50,2
DA:51,2
DA:52,1
DA:56,1
DA:57,1
DA:58,2
DA:68,2
DA:76,0
DA:77,2
DA:78,0
DA:79,0
DA:87,1
DA:94,2
DA:96,1
DA:100,1
DA:106,1
DA:107,1
DA:108,1
DA:109,0
DA:110,1
DA:114,1
DA:115,1
DA:116,1
DA:117,1
DA:118,1
DA:119,1
LF:49
LH:45
end_of_record
